<?xml version="1.0" encoding="utf-8"?><Test><test-suite type="Assembly" id="1003" name="Assembly-CSharp-Editor.dll" fullname="/home/sebipacurar/Documents/my-git/Tank_Tower_Offender-2D_top_down_shooter/Library/ScriptAssemblies/Assembly-CSharp-Editor.dll" runstate="Runnable" testcasecount="1" result="Passed" start-time="2023-05-24 16:36:05Z" end-time="2023-05-24 16:36:06Z" duration="0.269656" total="1" passed="1" failed="0" inconclusive="0" skipped="0" asserts="0"><properties><property name="_PID" value="6485" /><property name="_APPDOMAIN" value="Unity Child Domain" /></properties><test-suite type="TestFixture" id="1001" name="PatrolMoveTest" fullname="PatrolMoveTest" classname="PatrolMoveTest" runstate="Runnable" testcasecount="1" result="Passed" start-time="2023-05-24 16:36:05Z" end-time="2023-05-24 16:36:06Z" duration="0.254460" total="1" passed="1" failed="0" inconclusive="0" skipped="0" asserts="0"><test-case id="1002" name="Test" fullname="PatrolMoveTest.Test" methodname="Test" classname="PatrolMoveTest" runstate="Runnable" seed="444218880" result="Passed" start-time="2023-05-24 16:36:06Z" end-time="2023-05-24 16:36:06Z" duration="0.001605" asserts="0" /></test-suite></test-suite><test-suite type="Assembly" id="1006" name="AltTester.dll" fullname="/home/sebipacurar/Documents/my-git/Tank_Tower_Offender-2D_top_down_shooter/Library/ScriptAssemblies/AltTester.dll" runstate="Runnable" testcasecount="1" result="Passed" start-time="2023-05-24 16:36:06Z" end-time="2023-05-24 16:36:06Z" duration="0.001997" total="1" passed="1" failed="0" inconclusive="0" skipped="0" asserts="0"><properties><property name="_PID" value="6485" /><property name="_APPDOMAIN" value="Unity Child Domain" /></properties><test-suite type="TestFixture" id="1004" name="TestExample" fullname="TestExample" classname="TestExample" runstate="Runnable" testcasecount="1" result="Passed" start-time="2023-05-24 16:36:06Z" end-time="2023-05-24 16:36:06Z" duration="0.001605" total="1" passed="1" failed="0" inconclusive="0" skipped="0" asserts="0"><test-case id="1005" name="Test" fullname="TestExample.Test" methodname="Test" classname="TestExample" runstate="Runnable" seed="433783443" result="Passed" start-time="2023-05-24 16:36:06Z" end-time="2023-05-24 16:36:06Z" duration="0.000055" asserts="0" /></test-suite></test-suite><test-suite type="Assembly" id="1010" name="Unity.InputSystem.IntegrationTests.dll" fullname="/home/sebipacurar/Documents/my-git/Tank_Tower_Offender-2D_top_down_shooter/Library/ScriptAssemblies/Unity.InputSystem.IntegrationTests.dll" runstate="Runnable" testcasecount="2" result="Failed" site="Child" start-time="2023-05-24 16:36:06Z" end-time="2023-05-24 16:36:06Z" duration="0.010540" total="2" passed="0" failed="2" inconclusive="0" skipped="0" asserts="0"><properties><property name="_PID" value="6485" /><property name="_APPDOMAIN" value="Unity Child Domain" /></properties><failure><message><![CDATA[One or more child tests had errors]]></message></failure><test-suite type="TestFixture" id="1007" name="IntegrationTests" fullname="IntegrationTests" classname="IntegrationTests" runstate="Runnable" testcasecount="2" result="Failed" site="Child" start-time="2023-05-24 16:36:06Z" end-time="2023-05-24 16:36:06Z" duration="0.010397" total="2" passed="0" failed="2" inconclusive="0" skipped="0" asserts="0"><failure><message><![CDATA[One or more child tests had errors]]></message></failure><test-case id="1009" name="Integration_CanChangeInputBackendPlayerSettingInEditor" fullname="IntegrationTests.Integration_CanChangeInputBackendPlayerSettingInEditor" methodname="Integration_CanChangeInputBackendPlayerSettingInEditor" classname="IntegrationTests" runstate="Runnable" seed="715408511" result="Failed" label="Error" start-time="2023-05-24 16:36:06Z" end-time="2023-05-24 16:36:06Z" duration="0.005090" asserts="0"><properties><property name="Category" value="Integration" /></properties><failure><message><![CDATA[UnityEngine.UnityException : FindObjectsOfTypeAll can only be called from the main thread.
Constructors and field initializers will be executed from the loading thread when loading a scene.
Don't use this function in the constructor or field initializers, instead move initialization code to the Awake or Start function.]]></message><stack-trace><![CDATA[  at (wrapper managed-to-native) UnityEngine.ResourcesAPIInternal.FindObjectsOfTypeAll(System.Type)
  at UnityEngine.ResourcesAPI.FindObjectsOfTypeAll (System.Type systemTypeInstance) [0x00000] in /home/bokken/build/output/unity/unity/Runtime/Export/Resources/Resources.bindings.cs:69 
  at UnityEngine.Resources.FindObjectsOfTypeAll (System.Type type) [0x00001] in /home/bokken/build/output/unity/unity/Runtime/Export/Resources/Resources.bindings.cs:100 
  at UnityEngine.Resources.FindObjectsOfTypeAll[T] () [0x00001] in /home/bokken/build/output/unity/unity/Runtime/Export/Resources/Resources.bindings.cs:105 
  at UnityEngine.InputSystem.Editor.EditorPlayerSettingHelpers.GetPropertyOrNull (System.String name) [0x00001] in /home/sebipacurar/Documents/my-git/Tank_Tower_Offender-2D_top_down_shooter/Library/PackageCache/com.unity.inputsystem@1.5.1/InputSystem/Editor/Settings/EditorPlayerSettingHelpers.cs:157 
  at UnityEngine.InputSystem.Editor.EditorPlayerSettingHelpers.get_oldSystemBackendsEnabled () [0x00001] in /home/sebipacurar/Documents/my-git/Tank_Tower_Offender-2D_top_down_shooter/Library/PackageCache/com.unity.inputsystem@1.5.1/InputSystem/Editor/Settings/EditorPlayerSettingHelpers.cs:65 
  at IntegrationTests.Integration_CanChangeInputBackendPlayerSettingInEditor () [0x00001] in /home/sebipacurar/Documents/my-git/Tank_Tower_Offender-2D_top_down_shooter/Library/PackageCache/com.unity.inputsystem@1.5.1/Tests/IntegrationTests/IntegrationTests.cs:97 
  at (wrapper managed-to-native) System.Reflection.RuntimeMethodInfo.InternalInvoke(System.Reflection.RuntimeMethodInfo,object,object[],System.Exception&)
  at System.Reflection.RuntimeMethodInfo.Invoke (System.Object obj, System.Reflection.BindingFlags invokeAttr, System.Reflection.Binder binder, System.Object[] parameters, System.Globalization.CultureInfo culture) [0x0006a] in <56af3bfda3de4922902bfa6b4d78d122>:0 ]]></stack-trace></failure></test-case><test-case id="1008" name="Integration_CanSendAndReceiveEvents" fullname="IntegrationTests.Integration_CanSendAndReceiveEvents" methodname="Integration_CanSendAndReceiveEvents" classname="IntegrationTests" runstate="Runnable" seed="511853304" result="Failed" label="Error" start-time="2023-05-24 16:36:06Z" end-time="2023-05-24 16:36:06Z" duration="0.001359" asserts="0"><properties><property name="Category" value="Integration" /></properties><failure><message><![CDATA[UnityEngine.UnityException : AllocateDeviceId can only be called from the main thread.
Constructors and field initializers will be executed from the loading thread when loading a scene.
Don't use this function in the constructor or field initializers, instead move initialization code to the Awake or Start function.]]></message><stack-trace><![CDATA[  at (wrapper managed-to-native) UnityEngineInternal.Input.NativeInputSystem.AllocateDeviceId()
  at UnityEngine.InputSystem.LowLevel.NativeInputRuntime.AllocateDeviceId () [0x00001] in /home/sebipacurar/Documents/my-git/Tank_Tower_Offender-2D_top_down_shooter/Library/PackageCache/com.unity.inputsystem@1.5.1/InputSystem/NativeInputRuntime.cs:27 
  at UnityEngine.InputSystem.InputManager.AssignUniqueDeviceId (UnityEngine.InputSystem.InputDevice device) [0x0004f] in /home/sebipacurar/Documents/my-git/Tank_Tower_Offender-2D_top_down_shooter/Library/PackageCache/com.unity.inputsystem@1.5.1/InputSystem/InputManager.cs:2042 
  at UnityEngine.InputSystem.InputManager.AddDevice (UnityEngine.InputSystem.InputDevice device) [0x0004d] in /home/sebipacurar/Documents/my-git/Tank_Tower_Offender-2D_top_down_shooter/Library/PackageCache/com.unity.inputsystem@1.5.1/InputSystem/InputManager.cs:1093 
  at UnityEngine.InputSystem.InputManager.AddDevice (System.String layout, System.String name, UnityEngine.InputSystem.Utilities.InternedString variants) [0x00046] in /home/sebipacurar/Documents/my-git/Tank_Tower_Offender-2D_top_down_shooter/Library/PackageCache/com.unity.inputsystem@1.5.1/InputSystem/InputManager.cs:1050 
  at UnityEngine.InputSystem.InputManager.AddDevice (System.Type type, System.String name) [0x00030] in /home/sebipacurar/Documents/my-git/Tank_Tower_Offender-2D_top_down_shooter/Library/PackageCache/com.unity.inputsystem@1.5.1/InputSystem/InputManager.cs:1035 
  at UnityEngine.InputSystem.InputSystem.AddDevice[TDevice] (System.String name) [0x00001] in /home/sebipacurar/Documents/my-git/Tank_Tower_Offender-2D_top_down_shooter/Library/PackageCache/com.unity.inputsystem@1.5.1/InputSystem/InputSystem.cs:1446 
  at IntegrationTests.Integration_CanSendAndReceiveEvents () [0x00001] in /home/sebipacurar/Documents/my-git/Tank_Tower_Offender-2D_top_down_shooter/Library/PackageCache/com.unity.inputsystem@1.5.1/Tests/IntegrationTests/IntegrationTests.cs:75 
  at (wrapper managed-to-native) System.Reflection.RuntimeMethodInfo.InternalInvoke(System.Reflection.RuntimeMethodInfo,object,object[],System.Exception&)
  at System.Reflection.RuntimeMethodInfo.Invoke (System.Object obj, System.Reflection.BindingFlags invokeAttr, System.Reflection.Binder binder, System.Object[] parameters, System.Globalization.CultureInfo culture) [0x0006a] in <56af3bfda3de4922902bfa6b4d78d122>:0 ]]></stack-trace></failure></test-case></test-suite></test-suite></Test>